[debug] [2024-12-04T09:52:48.252Z] ----------------------------------------------------------------------
[debug] [2024-12-04T09:52:48.257Z] Command:       C:\Program Files\nodejs\node.exe C:\Users\ANKET PAWAR\AppData\Roaming\npm\node_modules\firebase-tools\lib\bin\firebase.js init
[debug] [2024-12-04T09:52:48.258Z] CLI Version:   13.27.0
[debug] [2024-12-04T09:52:48.258Z] Platform:      win32
[debug] [2024-12-04T09:52:48.258Z] Node Version:  v22.12.0
[debug] [2024-12-04T09:52:48.259Z] Time:          Wed Dec 04 2024 15:22:48 GMT+0530 (India Standard Time)
[debug] [2024-12-04T09:52:48.259Z] ----------------------------------------------------------------------
[debug] 
[debug] [2024-12-04T09:52:48.272Z] > command requires scopes: ["email","openid","https://www.googleapis.com/auth/cloudplatformprojects.readonly","https://www.googleapis.com/auth/firebase","https://www.googleapis.com/auth/cloud-platform"]
[debug] [2024-12-04T09:52:48.273Z] > authorizing via signed-in user (anketpawar0826@gmail.com)
[info] 
     ######## #### ########  ######## ########     ###     ######  ########
     ##        ##  ##     ## ##       ##     ##  ##   ##  ##       ##
     ######    ##  ########  ######   ########  #########  ######  ######
     ##        ##  ##    ##  ##       ##     ## ##     ##       ## ##
     ##       #### ##     ## ######## ########  ##     ##  ######  ########

You're about to initialize a Firebase project in this directory:

  C:\Users\ANKET PAWAR\Desktop\Tasks-Dsass\main

[info] 
=== Project Setup
[info] 
[info] First, let's associate this project directory with a Firebase project.
[info] You can create multiple project aliases by running firebase use --add, 
[info] but for now we'll just set up a default project.
[info] 
[debug] [2024-12-04T09:53:03.505Z] Checked if tokens are valid: true, expires at: 1733307249674
[debug] [2024-12-04T09:53:03.505Z] Checked if tokens are valid: true, expires at: 1733307249674
[debug] [2024-12-04T09:53:03.508Z] >>> [apiv2][query] GET https://firebase.googleapis.com/v1beta1/projects pageSize=100
[debug] [2024-12-04T09:53:04.477Z] <<< [apiv2][status] GET https://firebase.googleapis.com/v1beta1/projects 200
[debug] [2024-12-04T09:53:04.478Z] <<< [apiv2][body] GET https://firebase.googleapis.com/v1beta1/projects [omitted]
[info] i  Using project task-managment-2780e (Task Managment) 
[info] 
=== Hosting Setup
[debug] [2024-12-04T09:53:08.531Z] Checked if tokens are valid: true, expires at: 1733307249674
[debug] [2024-12-04T09:53:08.531Z] Checked if tokens are valid: true, expires at: 1733307249674
[debug] [2024-12-04T09:53:08.532Z] >>> [apiv2][query] GET https://firebase.googleapis.com/v1beta1/projects/task-managment-2780e [none]
[debug] [2024-12-04T09:53:09.025Z] <<< [apiv2][status] GET https://firebase.googleapis.com/v1beta1/projects/task-managment-2780e 200
[debug] [2024-12-04T09:53:09.025Z] <<< [apiv2][body] GET https://firebase.googleapis.com/v1beta1/projects/task-managment-2780e {"projectId":"task-managment-2780e","projectNumber":"751843362473","displayName":"Task Managment","name":"projects/task-managment-2780e","resources":{"hostingSite":"task-managment-2780e"},"state":"ACTIVE","etag":"1_be63b074-23e8-4ef4-82bd-1f97b12ad39a"}
[info] 
[info] Your public directory is the folder (relative to your project directory) that
[info] will contain Hosting assets to be uploaded with firebase deploy. If you
[info] have a build process for your assets, use your build's output directory.
[info] 
[debug] [2024-12-04T09:53:18.288Z] >>> [apiv2][query] GET https://www.gstatic.com/firebasejs/releases.json [none]
[debug] [2024-12-04T09:53:18.518Z] <<< [apiv2][status] GET https://www.gstatic.com/firebasejs/releases.json 200
[debug] [2024-12-04T09:53:18.519Z] <<< [apiv2][body] GET https://www.gstatic.com/firebasejs/releases.json {"current":{"version":"11.0.2","browserURL":"https://www.gstatic.com/firebasejs/11.0.2/firebase.js","packageURL":"https://www.gstatic.com/firebasejs/11.0.2/firebase.tgz"},"live":{"version":"11.0","browserURL":"https://www.gstatic.com/firebasejs/live/11.0/firebase.js","packageURL":"https://www.gstatic.com/firebasejs/live/11.0/firebase.tgz"},"components":{"analytics":"https://www.gstatic.com/firebasejs/11.0.2/firebase-analytics.js","app":"https://www.gstatic.com/firebasejs/11.0.2/firebase-app.js","app-check":"https://www.gstatic.com/firebasejs/11.0.2/firebase-app-check.js","auth":"https://www.gstatic.com/firebasejs/11.0.2/firebase-auth.js","auth/cordova":"https://www.gstatic.com/firebasejs/11.0.2/firebase-auth/cordova.js","auth/web-extension":"https://www.gstatic.com/firebasejs/11.0.2/firebase-auth/web-extension.js","functions":"https://www.gstatic.com/firebasejs/11.0.2/firebase-functions.js","firestore":"https://www.gstatic.com/firebasejs/11.0.2/firebase-firestore.js","firestore/lite":"https://www.gstatic.com/firebasejs/11.0.2/firebase-firestore/lite.js","installations":"https://www.gstatic.com/firebasejs/11.0.2/firebase-installations.js","storage":"https://www.gstatic.com/firebasejs/11.0.2/firebase-storage.js","performance":"https://www.gstatic.com/firebasejs/11.0.2/firebase-performance.js","remote-config":"https://www.gstatic.com/firebasejs/11.0.2/firebase-remote-config.js","messaging":"https://www.gstatic.com/firebasejs/11.0.2/firebase-messaging.js","messaging/sw":"https://www.gstatic.com/firebasejs/11.0.2/firebase-messaging/sw.js","database":"https://www.gstatic.com/firebasejs/11.0.2/firebase-database.js","vertexai":"https://www.gstatic.com/firebasejs/11.0.2/firebase-vertexai.js","data-connect":"https://www.gstatic.com/firebasejs/11.0.2/firebase-data-connect.js","firestore.memory":"https://www.gstatic.com/firebasejs/11.0.2/firebase-firestore.memory.js"}}
[info] i  public/index.html is unchanged 
[info] 
[info] i  Detected a .git folder at C:\Users\ANKET PAWAR\Desktop\Tasks-Dsass\main 
[info] i  Authorizing with GitHub to upload your service account to a GitHub repository's secrets store. 
[info] 
[info] Visit this URL on this device to log in:
[info] https://github.com/login/oauth/authorize?client_id=89cf50f02ac6aaed3484&state=953274582&redirect_uri=http%3A%2F%2Flocalhost%3A9005&scope=read%3Auser%20repo%20public_repo
[info] 
[info] Waiting for authentication...
[debug] [2024-12-04T09:53:19.713Z] >>> [apiv2][query] POST https://github.com/login/oauth/access_token [none]
[debug] [2024-12-04T09:53:19.713Z] >>> [apiv2][body] POST https://github.com/login/oauth/access_token [stream]
[debug] [2024-12-04T09:53:20.065Z] <<< [apiv2][status] POST https://github.com/login/oauth/access_token 200
[debug] [2024-12-04T09:53:20.066Z] <<< [apiv2][body] POST https://github.com/login/oauth/access_token {"access_token":"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","token_type":"bearer","scope":"read:user,repo"}
[debug] [2024-12-04T09:53:20.080Z] >>> [apiv2][query] GET https://api.github.com/user [none]
[debug] [2024-12-04T09:53:20.481Z] <<< [apiv2][status] GET https://api.github.com/user 200
[debug] [2024-12-04T09:53:20.481Z] <<< [apiv2][body] GET https://api.github.com/user {"login":"Anket0826","id":190595670,"node_id":"U_kgDOC1xCVg","avatar_url":"https://avatars.githubusercontent.com/u/190595670?v=4","gravatar_id":"","url":"https://api.github.com/users/Anket0826","html_url":"https://github.com/Anket0826","followers_url":"https://api.github.com/users/Anket0826/followers","following_url":"https://api.github.com/users/Anket0826/following{/other_user}","gists_url":"https://api.github.com/users/Anket0826/gists{/gist_id}","starred_url":"https://api.github.com/users/Anket0826/starred{/owner}{/repo}","subscriptions_url":"https://api.github.com/users/Anket0826/subscriptions","organizations_url":"https://api.github.com/users/Anket0826/orgs","repos_url":"https://api.github.com/users/Anket0826/repos","events_url":"https://api.github.com/users/Anket0826/events{/privacy}","received_events_url":"https://api.github.com/users/Anket0826/received_events","type":"User","user_view_type":"private","site_admin":false,"name":null,"company":null,"blog":"","location":null,"email":null,"hireable":null,"bio":null,"twitter_username":null,"notification_email":null,"public_repos":0,"public_gists":0,"followers":0,"following":0,"created_at":"2024-12-04T09:49:26Z","updated_at":"2024-12-04T09:49:33Z","private_gists":0,"total_private_repos":0,"owned_private_repos":0,"disk_usage":0,"collaborators":0,"two_factor_authentication":false,"plan":{"name":"free","space":976562499,"collaborators":0,"private_repos":10000}}
[info] 
[info] +  Success! Logged into GitHub as Anket0826 
[info] 
[debug] [2024-12-04T09:54:01.951Z] >>> [apiv2][query] GET https://api.github.com/repos/Anket0826/Task Management/actions/secrets/public-key type=owner
[debug] [2024-12-04T09:54:02.266Z] <<< [apiv2][status] GET https://api.github.com/repos/Anket0826/Task Management/actions/secrets/public-key 404
[debug] [2024-12-04T09:54:02.267Z] <<< [apiv2][body] GET https://api.github.com/repos/Anket0826/Task Management/actions/secrets/public-key {"message":"Not Found","documentation_url":"https://docs.github.com/rest/actions/secrets#get-a-repository-public-key","status":"404"}
[info] 
[info] 
[error] !  The provided authorization cannot be used with this repository. If this repository is in an organization, did you remember to grant access? 
[info] 
[info] i  Action required: Visit this URL to ensure access has been granted to the appropriate organization(s) for the Firebase CLI GitHub OAuth App: 
[info] https://github.com/settings/connections/applications/89cf50f02ac6aaed3484
[info] 
[debug] [2024-12-04T09:54:11.201Z] >>> [apiv2][query] GET https://api.github.com/repos/Anket0826/Task Management/actions/secrets/public-key type=owner
[debug] [2024-12-04T09:54:11.517Z] <<< [apiv2][status] GET https://api.github.com/repos/Anket0826/Task Management/actions/secrets/public-key 404
[debug] [2024-12-04T09:54:11.517Z] <<< [apiv2][body] GET https://api.github.com/repos/Anket0826/Task Management/actions/secrets/public-key {"message":"Not Found","documentation_url":"https://docs.github.com/rest/actions/secrets#get-a-repository-public-key","status":"404"}
[info] 
[info] 
[error] !  The provided authorization cannot be used with this repository. If this repository is in an organization, did you remember to grant access? 
[info] 
[info] i  Action required: Visit this URL to ensure access has been granted to the appropriate organization(s) for the Firebase CLI GitHub OAuth App: 
[info] https://github.com/settings/connections/applications/89cf50f02ac6aaed3484
[info] 
[debug] [2024-12-04T10:08:35.931Z] ----------------------------------------------------------------------
[debug] [2024-12-04T10:08:35.935Z] Command:       C:\Program Files\nodejs\node.exe C:\Users\ANKET PAWAR\AppData\Roaming\npm\node_modules\firebase-tools\lib\bin\firebase.js init
[debug] [2024-12-04T10:08:35.936Z] CLI Version:   13.27.0
[debug] [2024-12-04T10:08:35.936Z] Platform:      win32
[debug] [2024-12-04T10:08:35.936Z] Node Version:  v22.12.0
[debug] [2024-12-04T10:08:35.937Z] Time:          Wed Dec 04 2024 15:38:35 GMT+0530 (India Standard Time)
[debug] [2024-12-04T10:08:35.937Z] ----------------------------------------------------------------------
[debug] 
[debug] [2024-12-04T10:08:35.952Z] > command requires scopes: ["email","openid","https://www.googleapis.com/auth/cloudplatformprojects.readonly","https://www.googleapis.com/auth/firebase","https://www.googleapis.com/auth/cloud-platform"]
[debug] [2024-12-04T10:08:35.953Z] > authorizing via signed-in user (anketpawar0826@gmail.com)
[info] 
     ######## #### ########  ######## ########     ###     ######  ########
     ##        ##  ##     ## ##       ##     ##  ##   ##  ##       ##
     ######    ##  ########  ######   ########  #########  ######  ######
     ##        ##  ##    ##  ##       ##     ## ##     ##       ## ##
     ##       #### ##     ## ######## ########  ##     ##  ######  ########

You're about to initialize a Firebase project in this directory:

  C:\Users\ANKET PAWAR\Desktop\Tasks-Dsass\main

[info] 
=== Project Setup
[info] 
[info] First, let's associate this project directory with a Firebase project.
[info] You can create multiple project aliases by running firebase use --add, 
[info] but for now we'll just set up a default project.
[info] 
[debug] [2024-12-04T10:08:51.209Z] Checked if tokens are valid: false, expires at: 1733307249674
[debug] [2024-12-04T10:08:51.210Z] Checked if tokens are valid: false, expires at: 1733307249674
[debug] [2024-12-04T10:08:51.210Z] > refreshing access token with scopes: []
[debug] [2024-12-04T10:08:51.215Z] >>> [apiv2][query] POST https://www.googleapis.com/oauth2/v3/token [none]
[debug] [2024-12-04T10:08:51.215Z] >>> [apiv2][body] POST https://www.googleapis.com/oauth2/v3/token [omitted]
[debug] [2024-12-04T10:08:51.725Z] <<< [apiv2][status] POST https://www.googleapis.com/oauth2/v3/token 200
[debug] [2024-12-04T10:08:51.726Z] <<< [apiv2][body] POST https://www.googleapis.com/oauth2/v3/token [omitted]
[debug] [2024-12-04T10:08:51.766Z] >>> [apiv2][query] GET https://firebase.googleapis.com/v1beta1/projects pageSize=100
[debug] [2024-12-04T10:08:52.615Z] <<< [apiv2][status] GET https://firebase.googleapis.com/v1beta1/projects 200
[debug] [2024-12-04T10:08:52.615Z] <<< [apiv2][body] GET https://firebase.googleapis.com/v1beta1/projects [omitted]
[info] i  Using project task-managment-2780e (Task Managment) 
[info] 
=== Hosting Setup
[debug] [2024-12-04T10:08:54.649Z] Checked if tokens are valid: true, expires at: 1733310530726
[debug] [2024-12-04T10:08:54.649Z] Checked if tokens are valid: true, expires at: 1733310530726
[debug] [2024-12-04T10:08:54.650Z] >>> [apiv2][query] GET https://firebase.googleapis.com/v1beta1/projects/task-managment-2780e [none]
[debug] [2024-12-04T10:08:55.835Z] <<< [apiv2][status] GET https://firebase.googleapis.com/v1beta1/projects/task-managment-2780e 200
[debug] [2024-12-04T10:08:55.835Z] <<< [apiv2][body] GET https://firebase.googleapis.com/v1beta1/projects/task-managment-2780e {"projectId":"task-managment-2780e","projectNumber":"751843362473","displayName":"Task Managment","name":"projects/task-managment-2780e","resources":{"hostingSite":"task-managment-2780e"},"state":"ACTIVE","etag":"1_be63b074-23e8-4ef4-82bd-1f97b12ad39a"}
[info] 
[info] Your public directory is the folder (relative to your project directory) that
[info] will contain Hosting assets to be uploaded with firebase deploy. If you
[info] have a build process for your assets, use your build's output directory.
[info] 
[debug] [2024-12-04T10:09:06.089Z] >>> [apiv2][query] GET https://www.gstatic.com/firebasejs/releases.json [none]
[debug] [2024-12-04T10:09:06.338Z] <<< [apiv2][status] GET https://www.gstatic.com/firebasejs/releases.json 200
[debug] [2024-12-04T10:09:06.339Z] <<< [apiv2][body] GET https://www.gstatic.com/firebasejs/releases.json {"current":{"version":"11.0.2","browserURL":"https://www.gstatic.com/firebasejs/11.0.2/firebase.js","packageURL":"https://www.gstatic.com/firebasejs/11.0.2/firebase.tgz"},"live":{"version":"11.0","browserURL":"https://www.gstatic.com/firebasejs/live/11.0/firebase.js","packageURL":"https://www.gstatic.com/firebasejs/live/11.0/firebase.tgz"},"components":{"analytics":"https://www.gstatic.com/firebasejs/11.0.2/firebase-analytics.js","app":"https://www.gstatic.com/firebasejs/11.0.2/firebase-app.js","app-check":"https://www.gstatic.com/firebasejs/11.0.2/firebase-app-check.js","auth":"https://www.gstatic.com/firebasejs/11.0.2/firebase-auth.js","auth/cordova":"https://www.gstatic.com/firebasejs/11.0.2/firebase-auth/cordova.js","auth/web-extension":"https://www.gstatic.com/firebasejs/11.0.2/firebase-auth/web-extension.js","functions":"https://www.gstatic.com/firebasejs/11.0.2/firebase-functions.js","firestore":"https://www.gstatic.com/firebasejs/11.0.2/firebase-firestore.js","firestore/lite":"https://www.gstatic.com/firebasejs/11.0.2/firebase-firestore/lite.js","installations":"https://www.gstatic.com/firebasejs/11.0.2/firebase-installations.js","storage":"https://www.gstatic.com/firebasejs/11.0.2/firebase-storage.js","performance":"https://www.gstatic.com/firebasejs/11.0.2/firebase-performance.js","remote-config":"https://www.gstatic.com/firebasejs/11.0.2/firebase-remote-config.js","messaging":"https://www.gstatic.com/firebasejs/11.0.2/firebase-messaging.js","messaging/sw":"https://www.gstatic.com/firebasejs/11.0.2/firebase-messaging/sw.js","database":"https://www.gstatic.com/firebasejs/11.0.2/firebase-database.js","vertexai":"https://www.gstatic.com/firebasejs/11.0.2/firebase-vertexai.js","data-connect":"https://www.gstatic.com/firebasejs/11.0.2/firebase-data-connect.js","firestore.memory":"https://www.gstatic.com/firebasejs/11.0.2/firebase-firestore.memory.js"}}
[info] i  public/index.html is unchanged 
[info] 
[info] i  Detected a .git folder at C:\Users\ANKET PAWAR\Desktop\Tasks-Dsass\main 
[info] i  Authorizing with GitHub to upload your service account to a GitHub repository's secrets store. 
[info] 
[info] Visit this URL on this device to log in:
[info] https://github.com/login/oauth/authorize?client_id=89cf50f02ac6aaed3484&state=521136000&redirect_uri=http%3A%2F%2Flocalhost%3A9005&scope=read%3Auser%20repo%20public_repo
[info] 
[info] Waiting for authentication...
[debug] [2024-12-04T10:09:07.528Z] >>> [apiv2][query] POST https://github.com/login/oauth/access_token [none]
[debug] [2024-12-04T10:09:07.528Z] >>> [apiv2][body] POST https://github.com/login/oauth/access_token [stream]
[debug] [2024-12-04T10:09:08.073Z] <<< [apiv2][status] POST https://github.com/login/oauth/access_token 200
[debug] [2024-12-04T10:09:08.074Z] <<< [apiv2][body] POST https://github.com/login/oauth/access_token {"access_token":"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","token_type":"bearer","scope":"read:user,repo"}
[debug] [2024-12-04T10:09:08.088Z] >>> [apiv2][query] GET https://api.github.com/user [none]
[debug] [2024-12-04T10:09:08.676Z] <<< [apiv2][status] GET https://api.github.com/user 200
[debug] [2024-12-04T10:09:08.677Z] <<< [apiv2][body] GET https://api.github.com/user {"login":"Anket0826","id":190595670,"node_id":"U_kgDOC1xCVg","avatar_url":"https://avatars.githubusercontent.com/u/190595670?v=4","gravatar_id":"","url":"https://api.github.com/users/Anket0826","html_url":"https://github.com/Anket0826","followers_url":"https://api.github.com/users/Anket0826/followers","following_url":"https://api.github.com/users/Anket0826/following{/other_user}","gists_url":"https://api.github.com/users/Anket0826/gists{/gist_id}","starred_url":"https://api.github.com/users/Anket0826/starred{/owner}{/repo}","subscriptions_url":"https://api.github.com/users/Anket0826/subscriptions","organizations_url":"https://api.github.com/users/Anket0826/orgs","repos_url":"https://api.github.com/users/Anket0826/repos","events_url":"https://api.github.com/users/Anket0826/events{/privacy}","received_events_url":"https://api.github.com/users/Anket0826/received_events","type":"User","user_view_type":"private","site_admin":false,"name":null,"company":null,"blog":"","location":null,"email":null,"hireable":null,"bio":null,"twitter_username":null,"notification_email":null,"public_repos":1,"public_gists":0,"followers":0,"following":0,"created_at":"2024-12-04T09:49:26Z","updated_at":"2024-12-04T09:49:33Z","private_gists":0,"total_private_repos":0,"owned_private_repos":0,"disk_usage":0,"collaborators":0,"two_factor_authentication":false,"plan":{"name":"free","space":976562499,"collaborators":0,"private_repos":10000}}
[info] 
[info] +  Success! Logged into GitHub as Anket0826 
[info] 
[debug] [2024-12-04T10:09:58.260Z] >>> [apiv2][query] GET https://api.github.com/repos/Anket0826/Task Managment/actions/secrets/public-key type=owner
[debug] [2024-12-04T10:09:58.959Z] <<< [apiv2][status] GET https://api.github.com/repos/Anket0826/Task Managment/actions/secrets/public-key 404
[debug] [2024-12-04T10:09:58.960Z] <<< [apiv2][body] GET https://api.github.com/repos/Anket0826/Task Managment/actions/secrets/public-key {"message":"Not Found","documentation_url":"https://docs.github.com/rest/actions/secrets#get-a-repository-public-key","status":"404"}
[info] 
[info] 
[error] !  The provided authorization cannot be used with this repository. If this repository is in an organization, did you remember to grant access? 
[info] 
[info] i  Action required: Visit this URL to ensure access has been granted to the appropriate organization(s) for the Firebase CLI GitHub OAuth App: 
[info] https://github.com/settings/connections/applications/89cf50f02ac6aaed3484
[info] 
[debug] [2024-12-04T10:10:44.476Z] >>> [apiv2][query] GET https://api.github.com/repos/Anket0826/Task Managment/actions/secrets/public-key type=owner
[debug] [2024-12-04T10:10:45.039Z] <<< [apiv2][status] GET https://api.github.com/repos/Anket0826/Task Managment/actions/secrets/public-key 404
[debug] [2024-12-04T10:10:45.039Z] <<< [apiv2][body] GET https://api.github.com/repos/Anket0826/Task Managment/actions/secrets/public-key {"message":"Not Found","documentation_url":"https://docs.github.com/rest/actions/secrets#get-a-repository-public-key","status":"404"}
[info] 
[info] 
[error] !  The provided authorization cannot be used with this repository. If this repository is in an organization, did you remember to grant access? 
[info] 
[info] i  Action required: Visit this URL to ensure access has been granted to the appropriate organization(s) for the Firebase CLI GitHub OAuth App: 
[info] https://github.com/settings/connections/applications/89cf50f02ac6aaed3484
[info] 
